<?xml version="1.0" encoding="UTF-8"?>
<!-- Generated by org.testng.reporters.JUnitXMLReporter -->
<testsuite ignored="0" hostname="BCTCL-DL5420143" failures="0" tests="4" name="Default test" time="228.622" errors="0" timestamp="2022-02-09T20:44:23 IST">
  <testcase classname="studentApiTest.PostAPITest" name="getAlertDetails" time="183.816"/>
  <testcase classname="studentApiTest.PostAPITest" name="getGroupDetails" time="5.004"/>
  <testcase classname="studentApiTest.PostAPITest" name="getAlertConfiguration_Details" time="8.037"/>
  <testcase classname="studentApiTest.PostAPITest" name="getAlertStatus" time="31.549"/>
</testsuite> <!-- Default test -->
