<?xml version="1.0" encoding="UTF-8"?>
<testng-results ignored="0" total="4" passed="4" failed="0" skipped="0">
  <reporter-output>
  </reporter-output>
  <suite started-at="2022-02-09T21:16:25 IST" name="EWS API Testing" finished-at="2022-02-09T21:20:16 IST" duration-ms="230848">
    <groups>
    </groups>
    <test started-at="2022-02-09T21:16:25 IST" name="Regression" finished-at="2022-02-09T21:20:16 IST" duration-ms="230848">
      <class name="testcases.Ews">
        <test-method is-config="true" signature="baseTest()[pri:0, instance:testcases.Ews@3a6bb9bf]" started-at="2022-02-09T21:16:25 IST" name="baseTest" finished-at="2022-02-09T21:16:26 IST" duration-ms="251" status="PASS">
          <reporter-output>
          </reporter-output>
        </test-method> <!-- baseTest -->
        <test-method signature="getAlertDetails()[pri:1, instance:testcases.Ews@3a6bb9bf]" started-at="2022-02-09T21:16:26 IST" name="getAlertDetails" finished-at="2022-02-09T21:19:29 IST" duration-ms="183475" status="PASS">
          <reporter-output>
          </reporter-output>
        </test-method> <!-- getAlertDetails -->
        <test-method signature="getGroupDetails()[pri:2, instance:testcases.Ews@3a6bb9bf]" started-at="2022-02-09T21:19:29 IST" name="getGroupDetails" finished-at="2022-02-09T21:19:35 IST" duration-ms="5794" status="PASS">
          <reporter-output>
          </reporter-output>
        </test-method> <!-- getGroupDetails -->
        <test-method signature="getAlertConfiguration_Details()[pri:3, instance:testcases.Ews@3a6bb9bf]" started-at="2022-02-09T21:19:35 IST" name="getAlertConfiguration_Details" finished-at="2022-02-09T21:19:44 IST" duration-ms="8639" status="PASS">
          <reporter-output>
          </reporter-output>
        </test-method> <!-- getAlertConfiguration_Details -->
        <test-method signature="getAlertStatus()[pri:4, instance:testcases.Ews@3a6bb9bf]" started-at="2022-02-09T21:19:44 IST" name="getAlertStatus" finished-at="2022-02-09T21:20:16 IST" duration-ms="32489" status="PASS">
          <reporter-output>
          </reporter-output>
        </test-method> <!-- getAlertStatus -->
      </class> <!-- testcases.Ews -->
    </test> <!-- Regression -->
  </suite> <!-- EWS API Testing -->
</testng-results>
