<?xml version="1.0" encoding="UTF-8"?>
<!-- Generated by org.testng.reporters.JUnitXMLReporter -->
<testsuite ignored="0" hostname="BCTCL-DL5420143" failures="0" tests="4" name="Regression" time="230.848" errors="0" timestamp="2022-02-09T21:20:16 IST">
  <testcase classname="testcases.Ews" name="getAlertDetails" time="183.475"/>
  <testcase classname="testcases.Ews" name="getGroupDetails" time="5.794"/>
  <testcase classname="testcases.Ews" name="getAlertConfiguration_Details" time="8.639"/>
  <testcase classname="testcases.Ews" name="getAlertStatus" time="32.489"/>
</testsuite> <!-- Regression -->
